Using pre-set license
Built from '2022.3/staging' branch; Version is '2022.3.50f1 (c3db7f8bf9b1) revision 12835711'; Using compiler version '192829333'; Build Type 'Release'
OS: 'Windows 10  (10.0.19045) 64bit Professional' Language: 'ko' Physical Memory: 8054 MB
BatchMode: 1, IsHumanControllingUs: 0, StartBugReporterOnCrash: 0, Is64bit: 1, IsPro: 1

COMMAND LINE ARGUMENTS:
C:\Program Files\Unity\Hub\Editor\2022.3.50f1\Editor\Unity.exe
-adb2
-batchMode
-noUpm
-name
AssetImportWorker0
-projectPath
C:/Users/KGA/JHT/Dragon_Descend/Dragon_Descend
-logFile
Logs/AssetImportWorker0.log
-srvPort
63589
Successfully changed project path to: C:/Users/KGA/JHT/Dragon_Descend/Dragon_Descend
C:/Users/KGA/JHT/Dragon_Descend/Dragon_Descend
[UnityMemory] Configuration Parameters - Can be set up in boot.config
    "memorysetup-bucket-allocator-granularity=16"
    "memorysetup-bucket-allocator-bucket-count=8"
    "memorysetup-bucket-allocator-block-size=33554432"
    "memorysetup-bucket-allocator-block-count=8"
    "memorysetup-main-allocator-block-size=16777216"
    "memorysetup-thread-allocator-block-size=16777216"
    "memorysetup-gfx-main-allocator-block-size=16777216"
    "memorysetup-gfx-thread-allocator-block-size=16777216"
    "memorysetup-cache-allocator-block-size=4194304"
    "memorysetup-typetree-allocator-block-size=2097152"
    "memorysetup-profiler-bucket-allocator-granularity=16"
    "memorysetup-profiler-bucket-allocator-bucket-count=8"
    "memorysetup-profiler-bucket-allocator-block-size=33554432"
    "memorysetup-profiler-bucket-allocator-block-count=8"
    "memorysetup-profiler-allocator-block-size=16777216"
    "memorysetup-profiler-editor-allocator-block-size=1048576"
    "memorysetup-temp-allocator-size-main=16777216"
    "memorysetup-job-temp-allocator-block-size=2097152"
    "memorysetup-job-temp-allocator-block-size-background=1048576"
    "memorysetup-job-temp-allocator-reduction-small-platforms=262144"
    "memorysetup-allocator-temp-initial-block-size-main=262144"
    "memorysetup-allocator-temp-initial-block-size-worker=262144"
    "memorysetup-temp-allocator-size-background-worker=32768"
    "memorysetup-temp-allocator-size-job-worker=262144"
    "memorysetup-temp-allocator-size-preload-manager=33554432"
    "memorysetup-temp-allocator-size-nav-mesh-worker=65536"
    "memorysetup-temp-allocator-size-audio-worker=65536"
    "memorysetup-temp-allocator-size-cloud-worker=32768"
    "memorysetup-temp-allocator-size-gi-baking-worker=262144"
    "memorysetup-temp-allocator-size-gfx=262144"
Player connection [26196]  Target information:

Player connection [26196]  * "[IP] 192.168.0.108 [Port] 0 [Flags] 2 [Guid] 641675046 [EditorId] 641675046 [Version] 1048832 [Id] WindowsEditor(7,DESKTOP-UG1U3PM) [Debug] 1 [PackageName] WindowsEditor [ProjectName] Editor" 

Player connection [26196] Host joined multi-casting on [225.0.0.222:54997]...
Player connection [26196] Host joined alternative multi-casting on [225.0.0.222:34997]...
[PhysX] Initialized MultithreadedTaskDispatcher with 12 workers.
Refreshing native plugins compatible for Editor in 1584.73 ms, found 4 plugins.
Preloading 0 native plugins for Editor in 0.00 ms.
Initialize engine version: 2022.3.50f1 (c3db7f8bf9b1)
[Subsystems] Discovering subsystems at path C:/Program Files/Unity/Hub/Editor/2022.3.50f1/Editor/Data/Resources/UnitySubsystems
[Subsystems] Discovering subsystems at path C:/Users/KGA/JHT/Dragon_Descend/Dragon_Descend/Assets
GfxDevice: creating device client; threaded=0; jobified=0
Direct3D:
    Version:  Direct3D 11.0 [level 11.1]
    Renderer: Intel(R) UHD Graphics 630 (ID=0x9bc5)
    Vendor:   Intel
    VRAM:     4027 MB
    Driver:   30.0.101.1273
Initialize mono
Mono path[0] = 'C:/Program Files/Unity/Hub/Editor/2022.3.50f1/Editor/Data/Managed'
Mono path[1] = 'C:/Program Files/Unity/Hub/Editor/2022.3.50f1/Editor/Data/MonoBleedingEdge/lib/mono/unityjit-win32'
Mono config path = 'C:/Program Files/Unity/Hub/Editor/2022.3.50f1/Editor/Data/MonoBleedingEdge/etc'
Using monoOptions --debugger-agent=transport=dt_socket,embedding=1,server=y,suspend=n,address=127.0.0.1:56912
Begin MonoManager ReloadAssembly
Registering precompiled unity dll's ...
Register platform support module: C:/Program Files/Unity/Hub/Editor/2022.3.50f1/Editor/Data/PlaybackEngines/AndroidPlayer/UnityEditor.Android.Extensions.dll
Register platform support module: C:/Program Files/Unity/Hub/Editor/2022.3.50f1/Editor/Data/PlaybackEngines/iOSSupport/UnityEditor.iOS.Extensions.dll
Register platform support module: C:/Program Files/Unity/Hub/Editor/2022.3.50f1/Editor/Data/PlaybackEngines/WindowsStandaloneSupport/UnityEditor.WindowsStandalone.Extensions.dll
Registered in 0.020209 seconds.
- Loaded All Assemblies, in  0.758 seconds
Native extension for WindowsStandalone target not found
[usbmuxd] Start listen thread
[usbmuxd] Listen thread started
Native extension for iOS target not found
Native extension for Android target not found
Android Extension - Scanning For ADB Devices 492 ms
Mono: successfully reloaded assembly
- Finished resetting the current domain, in  1.002 seconds
Domain Reload Profiling: 1759ms
	BeginReloadAssembly (296ms)
		ExecutionOrderSort (0ms)
		DisableScriptedObjects (0ms)
		BackupInstance (0ms)
		ReleaseScriptingObjects (0ms)
		CreateAndSetChildDomain (1ms)
	RebuildCommonClasses (49ms)
	RebuildNativeTypeToScriptingClass (14ms)
	initialDomainReloadingComplete (137ms)
	LoadAllAssembliesAndSetupDomain (261ms)
		LoadAssemblies (292ms)
		RebuildTransferFunctionScriptingTraits (0ms)
		AnalyzeDomain (258ms)
			TypeCache.Refresh (254ms)
				TypeCache.ScanAssembly (222ms)
			ScanForSourceGeneratedMonoScriptInfo (1ms)
			ResolveRequiredComponents (2ms)
	FinalizeReload (1003ms)
		ReleaseScriptCaches (0ms)
		RebuildScriptCaches (0ms)
		SetupLoadedEditorAssemblies (921ms)
			LogAssemblyErrors (0ms)
			InitializePlatformSupportModulesInManaged (653ms)
			SetLoadedEditorAssemblies (9ms)
			RefreshPlugins (0ms)
			BeforeProcessingInitializeOnLoad (4ms)
			ProcessInitializeOnLoadAttributes (186ms)
			ProcessInitializeOnLoadMethodAttributes (69ms)
			AfterProcessingInitializeOnLoad (0ms)
			EditorAssembliesLoaded (0ms)
		ExecutionOrderSort2 (0ms)
		AwakeInstancesAfterBackupRestoration (0ms)
========================================================================
Worker process is ready to serve import requests
Caller must complete domain reload
Begin MonoManager ReloadAssembly
- Loaded All Assemblies, in 15.278 seconds
Native extension for WindowsStandalone target not found
Native extension for iOS target not found
Native extension for Android target not found
Package Manager log level set to [2]
[Package Manager] Server::EnsureServerProcessIsRunning -- launch failed, reason: Unity was launched with the -noUpm command-line argument
[Package Manager] UpmClient::Send -- Unable to send message (not connected to UPM process).
[Package Manager] Cannot connect to Unity Package Manager local server
Mono: successfully reloaded assembly
- Finished resetting the current domain, in  2.598 seconds
Domain Reload Profiling: 17868ms
	BeginReloadAssembly (304ms)
		ExecutionOrderSort (0ms)
		DisableScriptedObjects (8ms)
		BackupInstance (0ms)
		ReleaseScriptingObjects (0ms)
		CreateAndSetChildDomain (39ms)
	RebuildCommonClasses (50ms)
	RebuildNativeTypeToScriptingClass (12ms)
	initialDomainReloadingComplete (68ms)
	LoadAllAssembliesAndSetupDomain (14832ms)
		LoadAssemblies (14714ms)
		RebuildTransferFunctionScriptingTraits (0ms)
		AnalyzeDomain (329ms)
			TypeCache.Refresh (284ms)
				TypeCache.ScanAssembly (242ms)
			ScanForSourceGeneratedMonoScriptInfo (31ms)
			ResolveRequiredComponents (11ms)
	FinalizeReload (2601ms)
		ReleaseScriptCaches (0ms)
		RebuildScriptCaches (0ms)
		SetupLoadedEditorAssemblies (2374ms)
			LogAssemblyErrors (0ms)
			InitializePlatformSupportModulesInManaged (463ms)
			SetLoadedEditorAssemblies (10ms)
			RefreshPlugins (0ms)
			BeforeProcessingInitializeOnLoad (101ms)
			ProcessInitializeOnLoadAttributes (1733ms)
			ProcessInitializeOnLoadMethodAttributes (56ms)
			AfterProcessingInitializeOnLoad (10ms)
			EditorAssembliesLoaded (0ms)
		ExecutionOrderSort2 (0ms)
		AwakeInstancesAfterBackupRestoration (13ms)
Launched and connected shader compiler UnityShaderCompiler.exe after 0.09 seconds
Refreshing native plugins compatible for Editor in 6.46 ms, found 4 plugins.
Preloading 0 native plugins for Editor in 0.00 ms.
Unloading 4043 Unused Serialized files (Serialized files now loaded: 0)
Unloading 39 unused Assets / (241.2 KB). Loaded Objects now: 4510.
Memory consumption went from 153.4 MB to 153.1 MB.
Total: 8.423900 ms (FindLiveObjects: 0.606500 ms CreateObjectMapping: 0.609900 ms MarkObjects: 6.704100 ms  DeleteObjects: 0.501200 ms)

AssetImportParameters requested are different than current active one (requested -> active):
  custom:container-demuxer-ogg: 62fdf1f143b41e24485cea50d1cbac27 -> 
  custom:video-decoder-ogg-theora: a1e56fd34408186e4bbccfd4996cb3dc -> 
  custom:framework-win-MediaFoundation: 216162199b28c13a410421893ffa2e32 -> 
  custom:CustomObjectIndexerAttribute: 9a22284fe3817be447336de3de66b15e -> 
  custom:container-demuxer-webm: 4f35f7cbe854078d1ac9338744f61a02 -> 
  custom:container-muxer-webm: aa71ff27fc2769a1b78a27578f13a17b -> 
  custom:video-decoder-webm-vp8: 9c59270c3fd7afecdb556c50c9e8de78 -> 
  custom:SearchIndexIgnoredProperties: e643bd26f0fe6173181afceb89e7c659 -> 
  custom:AudioImporter_EditorPlatform: d09bf68614088b80899f8185d706f6e7 -> 
  custom:video-encoder-webm-vp8: eb34c28f22e8b96e1ab97ce403110664 -> 
  custom:audio-decoder-ogg-vorbis: bf7c407c2cedff20999df2af8eb42d56 -> 
  custom:audio-encoder-webm-vorbis: bf7c407c2cedff20999df2af8eb42d56 -> 
========================================================================
Received Import Request.
  Time since last request: 701156.375532 seconds.
  path: Assets/5 Resources/ARPG Effects/Textures/beam_essence.png
  artifactKey: Guid(81d526920d873cc48a22e11f3413390f) Importer(815301076,1909f56bfc062723c751e8b465ee728b)
Start importing Assets/5 Resources/ARPG Effects/Textures/beam_essence.png using Guid(81d526920d873cc48a22e11f3413390f) Importer(815301076,1909f56bfc062723c751e8b465ee728b) [PhysX] Initialized MultithreadedTaskDispatcher with 12 workers.
[PhysX] Initialized MultithreadedTaskDispatcher with 12 workers.
 -> (artifact id: 'f47c67f9324daebc14b7b128c9f7f15a') in 0.092160 seconds
Number of updated asset objects reloaded before import = 0
Number of asset objects unloaded after import = 2
========================================================================
Received Import Request.
  Time since last request: 0.000556 seconds.
  path: Assets/5 Resources/ARPG Effects/Textures/icon_w_question.png
  artifactKey: Guid(2d052ab349561d94ca45687843fb2f51) Importer(815301076,1909f56bfc062723c751e8b465ee728b)
Start importing Assets/5 Resources/ARPG Effects/Textures/icon_w_question.png using Guid(2d052ab349561d94ca45687843fb2f51) Importer(815301076,1909f56bfc062723c751e8b465ee728b) [PhysX] Initialized MultithreadedTaskDispatcher with 12 workers.
[PhysX] Initialized MultithreadedTaskDispatcher with 12 workers.
 -> (artifact id: '516d05befbb26c90858b8c7bfa208926') in 0.017212 seconds
Number of updated asset objects reloaded before import = 0
Number of asset objects unloaded after import = 2
========================================================================
Received Import Request.
  Time since last request: 0.000027 seconds.
  path: Assets/5 Resources/ARPG Effects/Textures/portal_yellow.png
  artifactKey: Guid(9c36e09a2565e7d499f7ac6cf5919592) Importer(815301076,1909f56bfc062723c751e8b465ee728b)
Start importing Assets/5 Resources/ARPG Effects/Textures/portal_yellow.png using Guid(9c36e09a2565e7d499f7ac6cf5919592) Importer(815301076,1909f56bfc062723c751e8b465ee728b) [PhysX] Initialized MultithreadedTaskDispatcher with 12 workers.
[PhysX] Initialized MultithreadedTaskDispatcher with 12 workers.
 -> (artifact id: '6826fc3cfddc1845e5aae1f115be51a2') in 0.108386 seconds
Number of updated asset objects reloaded before import = 0
Number of asset objects unloaded after import = 2
========================================================================
Received Import Request.
  Time since last request: 0.000082 seconds.
  path: Assets/5 Resources/ARPG Effects/Textures/leaf_birch.png
  artifactKey: Guid(74f30a40c05d73642b0f53180c42826c) Importer(815301076,1909f56bfc062723c751e8b465ee728b)
Start importing Assets/5 Resources/ARPG Effects/Textures/leaf_birch.png using Guid(74f30a40c05d73642b0f53180c42826c) Importer(815301076,1909f56bfc062723c751e8b465ee728b) [PhysX] Initialized MultithreadedTaskDispatcher with 12 workers.
[PhysX] Initialized MultithreadedTaskDispatcher with 12 workers.
 -> (artifact id: 'a4fec1645f84edc8383300125be26b6c') in 0.024454 seconds
Number of updated asset objects reloaded before import = 0
Number of asset objects unloaded after import = 2
========================================================================
Received Import Request.
  Time since last request: 0.000020 seconds.
  path: Assets/5 Resources/ARPG Effects/Textures/portal_green.png
  artifactKey: Guid(ed818383ab7bb1747bcb32af32716781) Importer(815301076,1909f56bfc062723c751e8b465ee728b)
Start importing Assets/5 Resources/ARPG Effects/Textures/portal_green.png using Guid(ed818383ab7bb1747bcb32af32716781) Importer(815301076,1909f56bfc062723c751e8b465ee728b) [PhysX] Initialized MultithreadedTaskDispatcher with 12 workers.
[PhysX] Initialized MultithreadedTaskDispatcher with 12 workers.
 -> (artifact id: '95ba36ce65557ab82d752256c295261d') in 0.103469 seconds
Number of updated asset objects reloaded before import = 0
Number of asset objects unloaded after import = 2
========================================================================
Received Import Request.
  Time since last request: 0.000160 seconds.
  path: Assets/5 Resources/ARPG Effects/Textures/portal_purple.png
  artifactKey: Guid(a291c61eadd32594b8a30fd09fb723be) Importer(815301076,1909f56bfc062723c751e8b465ee728b)
Start importing Assets/5 Resources/ARPG Effects/Textures/portal_purple.png using Guid(a291c61eadd32594b8a30fd09fb723be) Importer(815301076,1909f56bfc062723c751e8b465ee728b) [PhysX] Initialized MultithreadedTaskDispatcher with 12 workers.
[PhysX] Initialized MultithreadedTaskDispatcher with 12 workers.
 -> (artifact id: '58156abe222fab9ac9de748d6a41e7f9') in 0.123433 seconds
Number of updated asset objects reloaded before import = 0
Number of asset objects unloaded after import = 2
========================================================================
Received Import Request.
  Time since last request: 0.000093 seconds.
  path: Assets/5 Resources/ARPG Effects/Textures/arrow2.png
  artifactKey: Guid(ca09e3f23a601304795e3a9f9435bb03) Importer(815301076,1909f56bfc062723c751e8b465ee728b)
Start importing Assets/5 Resources/ARPG Effects/Textures/arrow2.png using Guid(ca09e3f23a601304795e3a9f9435bb03) Importer(815301076,1909f56bfc062723c751e8b465ee728b) [PhysX] Initialized MultithreadedTaskDispatcher with 12 workers.
[PhysX] Initialized MultithreadedTaskDispatcher with 12 workers.
 -> (artifact id: 'eb004265dca46aafeacc2110fd7960a2') in 0.018120 seconds
Number of updated asset objects reloaded before import = 0
Number of asset objects unloaded after import = 2
========================================================================
Received Import Request.
  Time since last request: 0.000028 seconds.
  path: Assets/5 Resources/ARPG Effects/Textures/questmarker_green.png
  artifactKey: Guid(5bd3cfe5476476d4a812f35e1d04cec7) Importer(815301076,1909f56bfc062723c751e8b465ee728b)
Start importing Assets/5 Resources/ARPG Effects/Textures/questmarker_green.png using Guid(5bd3cfe5476476d4a812f35e1d04cec7) Importer(815301076,1909f56bfc062723c751e8b465ee728b) [PhysX] Initialized MultithreadedTaskDispatcher with 12 workers.
[PhysX] Initialized MultithreadedTaskDispatcher with 12 workers.
 -> (artifact id: 'e4258a1d65fb54a53342946714365aa9') in 0.029402 seconds
Number of updated asset objects reloaded before import = 0
Number of asset objects unloaded after import = 2
========================================================================
Received Import Request.
  Time since last request: 0.000022 seconds.
  path: Assets/5 Resources/ARPG Effects/Textures/fire_16x4.png
  artifactKey: Guid(c44b12ef21d245a42b088c69ed196951) Importer(815301076,1909f56bfc062723c751e8b465ee728b)
Start importing Assets/5 Resources/ARPG Effects/Textures/fire_16x4.png using Guid(c44b12ef21d245a42b088c69ed196951) Importer(815301076,1909f56bfc062723c751e8b465ee728b) [PhysX] Initialized MultithreadedTaskDispatcher with 12 workers.
[PhysX] Initialized MultithreadedTaskDispatcher with 12 workers.
 -> (artifact id: '66e0ee851e108d94a3de54214fde21c7') in 0.038907 seconds
Number of updated asset objects reloaded before import = 0
Number of asset objects unloaded after import = 2
========================================================================
Received Import Request.
  Time since last request: 0.000032 seconds.
  path: Assets/5 Resources/ARPG Effects/Textures/sphere_normal.png
  artifactKey: Guid(93045f544ba3782459911a5d9bb90ca8) Importer(815301076,1909f56bfc062723c751e8b465ee728b)
Start importing Assets/5 Resources/ARPG Effects/Textures/sphere_normal.png using Guid(93045f544ba3782459911a5d9bb90ca8) Importer(815301076,1909f56bfc062723c751e8b465ee728b) [PhysX] Initialized MultithreadedTaskDispatcher with 12 workers.
[PhysX] Initialized MultithreadedTaskDispatcher with 12 workers.
 -> (artifact id: 'bf146f0a10e01459395dc7849ec8cf09') in 0.061376 seconds
Number of updated asset objects reloaded before import = 0
Number of asset objects unloaded after import = 2
========================================================================
Received Import Request.
  Time since last request: 0.000060 seconds.
  path: Assets/5 Resources/ARPG Effects/Textures/dot4.png
  artifactKey: Guid(345d96a2800fd9e48b9971d00f03de88) Importer(815301076,1909f56bfc062723c751e8b465ee728b)
Start importing Assets/5 Resources/ARPG Effects/Textures/dot4.png using Guid(345d96a2800fd9e48b9971d00f03de88) Importer(815301076,1909f56bfc062723c751e8b465ee728b) [PhysX] Initialized MultithreadedTaskDispatcher with 12 workers.
[PhysX] Initialized MultithreadedTaskDispatcher with 12 workers.
 -> (artifact id: '61f7e594e521212da584ddc58a562476') in 0.027646 seconds
Number of updated asset objects reloaded before import = 0
Number of asset objects unloaded after import = 2
========================================================================
Received Import Request.
  Time since last request: 0.000044 seconds.
  path: Assets/5 Resources/ARPG Effects/Textures/beam_purple.png
  artifactKey: Guid(fddf7078d75bc6a4ea5cf9178dd6d2c4) Importer(815301076,1909f56bfc062723c751e8b465ee728b)
Start importing Assets/5 Resources/ARPG Effects/Textures/beam_purple.png using Guid(fddf7078d75bc6a4ea5cf9178dd6d2c4) Importer(815301076,1909f56bfc062723c751e8b465ee728b) [PhysX] Initialized MultithreadedTaskDispatcher with 12 workers.
[PhysX] Initialized MultithreadedTaskDispatcher with 12 workers.
 -> (artifact id: '8f34d95d6ba6f0f87d746c2dba43d593') in 0.027836 seconds
Number of updated asset objects reloaded before import = 0
Number of asset objects unloaded after import = 2
========================================================================
Received Import Request.
  Time since last request: 0.000022 seconds.
  path: Assets/5 Resources/ARPG Effects/Textures/icon_w_star.png
  artifactKey: Guid(01b6e286db21996488877cb70303f012) Importer(815301076,1909f56bfc062723c751e8b465ee728b)
Start importing Assets/5 Resources/ARPG Effects/Textures/icon_w_star.png using Guid(01b6e286db21996488877cb70303f012) Importer(815301076,1909f56bfc062723c751e8b465ee728b) [PhysX] Initialized MultithreadedTaskDispatcher with 12 workers.
[PhysX] Initialized MultithreadedTaskDispatcher with 12 workers.
 -> (artifact id: '1a823c7ea0cce103ee003cde1873ba6d') in 0.025120 seconds
Number of updated asset objects reloaded before import = 0
Number of asset objects unloaded after import = 2
========================================================================
Received Import Request.
  Time since last request: 0.000017 seconds.
  path: Assets/5 Resources/ARPG Effects/Textures/portal.png
  artifactKey: Guid(2ca5ac61052f7264e847fad5284dd1fe) Importer(815301076,1909f56bfc062723c751e8b465ee728b)
Start importing Assets/5 Resources/ARPG Effects/Textures/portal.png using Guid(2ca5ac61052f7264e847fad5284dd1fe) Importer(815301076,1909f56bfc062723c751e8b465ee728b) [PhysX] Initialized MultithreadedTaskDispatcher with 12 workers.
[PhysX] Initialized MultithreadedTaskDispatcher with 12 workers.
 -> (artifact id: '053fd71f468ca153f529841565c7ef0f') in 0.277745 seconds
Number of updated asset objects reloaded before import = 0
Number of asset objects unloaded after import = 2
========================================================================
Received Import Request.
  Time since last request: 0.000084 seconds.
  path: Assets/5 Resources/ARPG Effects/Textures/shield.png
  artifactKey: Guid(e32a106245d87f341897978a56c645dd) Importer(815301076,1909f56bfc062723c751e8b465ee728b)
Start importing Assets/5 Resources/ARPG Effects/Textures/shield.png using Guid(e32a106245d87f341897978a56c645dd) Importer(815301076,1909f56bfc062723c751e8b465ee728b) [PhysX] Initialized MultithreadedTaskDispatcher with 12 workers.
[PhysX] Initialized MultithreadedTaskDispatcher with 12 workers.
 -> (artifact id: 'cd156057a142d7dd89e1849fd99846fd') in 0.020799 seconds
Number of updated asset objects reloaded before import = 0
Number of asset objects unloaded after import = 2
========================================================================
Received Import Request.
  Time since last request: 0.000055 seconds.
  path: Assets/5 Resources/ARPG Effects/Textures/runeword04.png
  artifactKey: Guid(bbe56a40c583bac409292eb4e3c32be6) Importer(815301076,1909f56bfc062723c751e8b465ee728b)
Start importing Assets/5 Resources/ARPG Effects/Textures/runeword04.png using Guid(bbe56a40c583bac409292eb4e3c32be6) Importer(815301076,1909f56bfc062723c751e8b465ee728b) [PhysX] Initialized MultithreadedTaskDispatcher with 12 workers.
[PhysX] Initialized MultithreadedTaskDispatcher with 12 workers.
 -> (artifact id: '60bbb2fb35d953a0aa55f8c998617154') in 0.027405 seconds
Number of updated asset objects reloaded before import = 0
Number of asset objects unloaded after import = 2
========================================================================
Received Import Request.
  Time since last request: 0.000028 seconds.
  path: Assets/5 Resources/ARPG Effects/Textures/treasure_ray.png
  artifactKey: Guid(8f426037e6f3718458795e95a1294334) Importer(815301076,1909f56bfc062723c751e8b465ee728b)
Start importing Assets/5 Resources/ARPG Effects/Textures/treasure_ray.png using Guid(8f426037e6f3718458795e95a1294334) Importer(815301076,1909f56bfc062723c751e8b465ee728b) [PhysX] Initialized MultithreadedTaskDispatcher with 12 workers.
[PhysX] Initialized MultithreadedTaskDispatcher with 12 workers.
 -> (artifact id: '0975a8d534dc3c21abea32ff6367609e') in 0.023658 seconds
Number of updated asset objects reloaded before import = 0
Number of asset objects unloaded after import = 2
========================================================================
Received Import Request.
  Time since last request: 0.000049 seconds.
  path: Assets/5 Resources/ARPG Effects/Textures/questmarker2.png
  artifactKey: Guid(83b0eb97f6ecbb64ba07ef012f1c9fa1) Importer(815301076,1909f56bfc062723c751e8b465ee728b)
Start importing Assets/5 Resources/ARPG Effects/Textures/questmarker2.png using Guid(83b0eb97f6ecbb64ba07ef012f1c9fa1) Importer(815301076,1909f56bfc062723c751e8b465ee728b) [PhysX] Initialized MultithreadedTaskDispatcher with 12 workers.
[PhysX] Initialized MultithreadedTaskDispatcher with 12 workers.
 -> (artifact id: '0be7bcc91aa23c980ef6c37e516f4741') in 0.024026 seconds
Number of updated asset objects reloaded before import = 0
Number of asset objects unloaded after import = 2
========================================================================
Received Import Request.
  Time since last request: 39.083282 seconds.
  path: Assets/5 Resources/Hovl Studio/HSFiles/Textures/Aura16.png
  artifactKey: Guid(4cdecdfbc6f2fa34689b6691b5d55879) Importer(815301076,1909f56bfc062723c751e8b465ee728b)
Start importing Assets/5 Resources/Hovl Studio/HSFiles/Textures/Aura16.png using Guid(4cdecdfbc6f2fa34689b6691b5d55879) Importer(815301076,1909f56bfc062723c751e8b465ee728b) [PhysX] Initialized MultithreadedTaskDispatcher with 12 workers.
[PhysX] Initialized MultithreadedTaskDispatcher with 12 workers.
 -> (artifact id: '8f8af9e04ecd9a4dfc27ce591fafe388') in 0.015154 seconds
Number of updated asset objects reloaded before import = 0
Number of asset objects unloaded after import = 2
========================================================================
Received Import Request.
  Time since last request: 0.003514 seconds.
  path: Assets/5 Resources/Hovl Studio/HSFiles/Textures/Circle116.png
  artifactKey: Guid(e7061965d8dab6c4cb3d8b1e3a15784e) Importer(815301076,1909f56bfc062723c751e8b465ee728b)
Start importing Assets/5 Resources/Hovl Studio/HSFiles/Textures/Circle116.png using Guid(e7061965d8dab6c4cb3d8b1e3a15784e) Importer(815301076,1909f56bfc062723c751e8b465ee728b) [PhysX] Initialized MultithreadedTaskDispatcher with 12 workers.
[PhysX] Initialized MultithreadedTaskDispatcher with 12 workers.
 -> (artifact id: 'eec4724639f8684f39af52bfc8dc4b8a') in 0.028388 seconds
Number of updated asset objects reloaded before import = 0
Number of asset objects unloaded after import = 2
========================================================================
Received Import Request.
  Time since last request: 0.004085 seconds.
  path: Assets/5 Resources/Hovl Studio/HSFiles/Textures/Concrete slab_Height.png
  artifactKey: Guid(db368c1c85b12fe48aba6cc9bcd41f43) Importer(815301076,1909f56bfc062723c751e8b465ee728b)
Start importing Assets/5 Resources/Hovl Studio/HSFiles/Textures/Concrete slab_Height.png using Guid(db368c1c85b12fe48aba6cc9bcd41f43) Importer(815301076,1909f56bfc062723c751e8b465ee728b) [PhysX] Initialized MultithreadedTaskDispatcher with 12 workers.
[PhysX] Initialized MultithreadedTaskDispatcher with 12 workers.
 -> (artifact id: '7cee0e9ec24fa19d470c28fd3386ca8b') in 0.019030 seconds
Number of updated asset objects reloaded before import = 0
Number of asset objects unloaded after import = 2
========================================================================
Received Import Request.
  Time since last request: 0.007274 seconds.
  path: Assets/5 Resources/Hovl Studio/HSFiles/Textures/Concrete slab_Normal.png
  artifactKey: Guid(3a0dde7201a17f646865e8deeac56596) Importer(815301076,1909f56bfc062723c751e8b465ee728b)
Start importing Assets/5 Resources/Hovl Studio/HSFiles/Textures/Concrete slab_Normal.png using Guid(3a0dde7201a17f646865e8deeac56596) Importer(815301076,1909f56bfc062723c751e8b465ee728b) [PhysX] Initialized MultithreadedTaskDispatcher with 12 workers.
[PhysX] Initialized MultithreadedTaskDispatcher with 12 workers.
 -> (artifact id: '73931edcfd2db80f2fddcc6185ef7289') in 0.028208 seconds
Number of updated asset objects reloaded before import = 0
Number of asset objects unloaded after import = 2
========================================================================
Received Import Request.
  Time since last request: 0.001546 seconds.
  path: Assets/5 Resources/Hovl Studio/HSFiles/Textures/Flare6.png
  artifactKey: Guid(fb60f4826d03c644c80d10aace44bfcb) Importer(815301076,1909f56bfc062723c751e8b465ee728b)
Start importing Assets/5 Resources/Hovl Studio/HSFiles/Textures/Flare6.png using Guid(fb60f4826d03c644c80d10aace44bfcb) Importer(815301076,1909f56bfc062723c751e8b465ee728b) [PhysX] Initialized MultithreadedTaskDispatcher with 12 workers.
[PhysX] Initialized MultithreadedTaskDispatcher with 12 workers.
 -> (artifact id: '209e8d636a81b69c2f7f4be10763cf4a') in 0.012886 seconds
Number of updated asset objects reloaded before import = 0
Number of asset objects unloaded after import = 2
========================================================================
Received Import Request.
  Time since last request: 0.005320 seconds.
  path: Assets/5 Resources/Hovl Studio/HSFiles/Textures/Flare14.png
  artifactKey: Guid(62f42cf95c5d20e43aed2ee326e4871b) Importer(815301076,1909f56bfc062723c751e8b465ee728b)
Start importing Assets/5 Resources/Hovl Studio/HSFiles/Textures/Flare14.png using Guid(62f42cf95c5d20e43aed2ee326e4871b) Importer(815301076,1909f56bfc062723c751e8b465ee728b) [PhysX] Initialized MultithreadedTaskDispatcher with 12 workers.
[PhysX] Initialized MultithreadedTaskDispatcher with 12 workers.
 -> (artifact id: 'eb8c1bbc8cbcb151fd7b2c5fce49e547') in 0.013685 seconds
Number of updated asset objects reloaded before import = 0
Number of asset objects unloaded after import = 2
========================================================================
Received Import Request.
  Time since last request: 0.002823 seconds.
  path: Assets/5 Resources/Hovl Studio/HSFiles/Textures/Flare21.png
  artifactKey: Guid(947fe6f544d82394db98003a81460397) Importer(815301076,1909f56bfc062723c751e8b465ee728b)
Start importing Assets/5 Resources/Hovl Studio/HSFiles/Textures/Flare21.png using Guid(947fe6f544d82394db98003a81460397) Importer(815301076,1909f56bfc062723c751e8b465ee728b) [PhysX] Initialized MultithreadedTaskDispatcher with 12 workers.
[PhysX] Initialized MultithreadedTaskDispatcher with 12 workers.
 -> (artifact id: 'f94678140d27e84e0a87d5c465203ffb') in 0.015337 seconds
Number of updated asset objects reloaded before import = 0
Number of asset objects unloaded after import = 2
========================================================================
Received Import Request.
  Time since last request: 0.003486 seconds.
  path: Assets/5 Resources/Hovl Studio/HSFiles/Textures/Flash7.png
  artifactKey: Guid(bec5c7c44540e99458f061f069c981a8) Importer(815301076,1909f56bfc062723c751e8b465ee728b)
Start importing Assets/5 Resources/Hovl Studio/HSFiles/Textures/Flash7.png using Guid(bec5c7c44540e99458f061f069c981a8) Importer(815301076,1909f56bfc062723c751e8b465ee728b) [PhysX] Initialized MultithreadedTaskDispatcher with 12 workers.
[PhysX] Initialized MultithreadedTaskDispatcher with 12 workers.
 -> (artifact id: '2e765cac63380629876d7b8d74eefd2f') in 0.012683 seconds
Number of updated asset objects reloaded before import = 0
Number of asset objects unloaded after import = 2
========================================================================
Received Import Request.
  Time since last request: 0.003655 seconds.
  path: Assets/5 Resources/Hovl Studio/HSFiles/Textures/Flash30.png
  artifactKey: Guid(1308c9c52517e324bade2e62e31ac124) Importer(815301076,1909f56bfc062723c751e8b465ee728b)
Start importing Assets/5 Resources/Hovl Studio/HSFiles/Textures/Flash30.png using Guid(1308c9c52517e324bade2e62e31ac124) Importer(815301076,1909f56bfc062723c751e8b465ee728b) [PhysX] Initialized MultithreadedTaskDispatcher with 12 workers.
[PhysX] Initialized MultithreadedTaskDispatcher with 12 workers.
 -> (artifact id: 'f7094100e8721e930fbff233ac605c3e') in 0.014648 seconds
Number of updated asset objects reloaded before import = 0
Number of asset objects unloaded after import = 2
========================================================================
Received Import Request.
  Time since last request: 0.001458 seconds.
  path: Assets/5 Resources/Hovl Studio/HSFiles/Textures/Flash32.png
  artifactKey: Guid(a739f31abb2aa0a43a78d4aabfe78bd1) Importer(815301076,1909f56bfc062723c751e8b465ee728b)
Start importing Assets/5 Resources/Hovl Studio/HSFiles/Textures/Flash32.png using Guid(a739f31abb2aa0a43a78d4aabfe78bd1) Importer(815301076,1909f56bfc062723c751e8b465ee728b) [PhysX] Initialized MultithreadedTaskDispatcher with 12 workers.
[PhysX] Initialized MultithreadedTaskDispatcher with 12 workers.
 -> (artifact id: 'd885f73265e44178e68b6570d0a81280') in 0.015026 seconds
Number of updated asset objects reloaded before import = 0
Number of asset objects unloaded after import = 2
========================================================================
Received Import Request.
  Time since last request: 0.004365 seconds.
  path: Assets/5 Resources/Hovl Studio/HSFiles/Textures/Flash36.png
  artifactKey: Guid(1cee761e0c1bb424ebd4139d265a1032) Importer(815301076,1909f56bfc062723c751e8b465ee728b)
Start importing Assets/5 Resources/Hovl Studio/HSFiles/Textures/Flash36.png using Guid(1cee761e0c1bb424ebd4139d265a1032) Importer(815301076,1909f56bfc062723c751e8b465ee728b) [PhysX] Initialized MultithreadedTaskDispatcher with 12 workers.
[PhysX] Initialized MultithreadedTaskDispatcher with 12 workers.
 -> (artifact id: '8b04b807d97d2503ee60aa40cb4aa3d7') in 0.013028 seconds
Number of updated asset objects reloaded before import = 0
Number of asset objects unloaded after import = 2
========================================================================
Received Import Request.
  Time since last request: 0.003336 seconds.
  path: Assets/5 Resources/Hovl Studio/HSFiles/Textures/Glow2.png
  artifactKey: Guid(1a81e58b548772f47ae600c8c4b14255) Importer(815301076,1909f56bfc062723c751e8b465ee728b)
Start importing Assets/5 Resources/Hovl Studio/HSFiles/Textures/Glow2.png using Guid(1a81e58b548772f47ae600c8c4b14255) Importer(815301076,1909f56bfc062723c751e8b465ee728b) [PhysX] Initialized MultithreadedTaskDispatcher with 12 workers.
[PhysX] Initialized MultithreadedTaskDispatcher with 12 workers.
 -> (artifact id: 'b4fae92a8087d4f2e94547630eb10059') in 0.011339 seconds
Number of updated asset objects reloaded before import = 0
Number of asset objects unloaded after import = 2
========================================================================
Received Import Request.
  Time since last request: 0.003558 seconds.
  path: Assets/5 Resources/Hovl Studio/HSFiles/Textures/Gradient4.3.png
  artifactKey: Guid(396f38a210576e54e859be3bfc253e2d) Importer(815301076,1909f56bfc062723c751e8b465ee728b)
Start importing Assets/5 Resources/Hovl Studio/HSFiles/Textures/Gradient4.3.png using Guid(396f38a210576e54e859be3bfc253e2d) Importer(815301076,1909f56bfc062723c751e8b465ee728b) [PhysX] Initialized MultithreadedTaskDispatcher with 12 workers.
[PhysX] Initialized MultithreadedTaskDispatcher with 12 workers.
 -> (artifact id: 'caecb92b45ebed7e710e3db532140156') in 0.010378 seconds
Number of updated asset objects reloaded before import = 0
Number of asset objects unloaded after import = 2
========================================================================
Received Import Request.
  Time since last request: 0.004392 seconds.
  path: Assets/5 Resources/Hovl Studio/HSFiles/Textures/Gradient12.png
  artifactKey: Guid(32a2a0fff0c45634fb83d8d541ab67a1) Importer(815301076,1909f56bfc062723c751e8b465ee728b)
Start importing Assets/5 Resources/Hovl Studio/HSFiles/Textures/Gradient12.png using Guid(32a2a0fff0c45634fb83d8d541ab67a1) Importer(815301076,1909f56bfc062723c751e8b465ee728b) [PhysX] Initialized MultithreadedTaskDispatcher with 12 workers.
[PhysX] Initialized MultithreadedTaskDispatcher with 12 workers.
 -> (artifact id: 'c72df9a04411d1cbc7bcabb20bb2162f') in 0.011454 seconds
Number of updated asset objects reloaded before import = 0
Number of asset objects unloaded after import = 2
========================================================================
Received Import Request.
  Time since last request: 0.004022 seconds.
  path: Assets/5 Resources/Hovl Studio/HSFiles/Textures/Gradient17.png
  artifactKey: Guid(61e68320eb0a34646ae9e7855bba9d92) Importer(815301076,1909f56bfc062723c751e8b465ee728b)
Start importing Assets/5 Resources/Hovl Studio/HSFiles/Textures/Gradient17.png using Guid(61e68320eb0a34646ae9e7855bba9d92) Importer(815301076,1909f56bfc062723c751e8b465ee728b) [PhysX] Initialized MultithreadedTaskDispatcher with 12 workers.
[PhysX] Initialized MultithreadedTaskDispatcher with 12 workers.
 -> (artifact id: '8608728273cb8bb1b2e0d6c81bff68c2') in 0.010098 seconds
Number of updated asset objects reloaded before import = 0
Number of asset objects unloaded after import = 2
========================================================================
Received Import Request.
  Time since last request: 0.002802 seconds.
  path: Assets/5 Resources/Hovl Studio/HSFiles/Textures/Leaf2.png
  artifactKey: Guid(079858874eafa2249866eb49a9d1a58d) Importer(815301076,1909f56bfc062723c751e8b465ee728b)
Start importing Assets/5 Resources/Hovl Studio/HSFiles/Textures/Leaf2.png using Guid(079858874eafa2249866eb49a9d1a58d) Importer(815301076,1909f56bfc062723c751e8b465ee728b) [PhysX] Initialized MultithreadedTaskDispatcher with 12 workers.
[PhysX] Initialized MultithreadedTaskDispatcher with 12 workers.
 -> (artifact id: '3d94ddc575f1be2471ba0564a77c97b5') in 0.013051 seconds
Number of updated asset objects reloaded before import = 0
Number of asset objects unloaded after import = 2
========================================================================
Received Import Request.
  Time since last request: 0.003453 seconds.
  path: Assets/5 Resources/Hovl Studio/HSFiles/Textures/Lightning17.png
  artifactKey: Guid(386e34c574a9db146a23947b797d9b19) Importer(815301076,1909f56bfc062723c751e8b465ee728b)
Start importing Assets/5 Resources/Hovl Studio/HSFiles/Textures/Lightning17.png using Guid(386e34c574a9db146a23947b797d9b19) Importer(815301076,1909f56bfc062723c751e8b465ee728b) [PhysX] Initialized MultithreadedTaskDispatcher with 12 workers.
[PhysX] Initialized MultithreadedTaskDispatcher with 12 workers.
 -> (artifact id: 'd1de2ce17e3ae7852e27217d22905a55') in 0.014520 seconds
Number of updated asset objects reloaded before import = 0
Number of asset objects unloaded after import = 2
========================================================================
Received Import Request.
  Time since last request: 0.003009 seconds.
  path: Assets/5 Resources/Hovl Studio/HSFiles/Textures/MaskForShader.png
  artifactKey: Guid(60d224affeaecf84ead5a8b24c6c9995) Importer(815301076,1909f56bfc062723c751e8b465ee728b)
Start importing Assets/5 Resources/Hovl Studio/HSFiles/Textures/MaskForShader.png using Guid(60d224affeaecf84ead5a8b24c6c9995) Importer(815301076,1909f56bfc062723c751e8b465ee728b) [PhysX] Initialized MultithreadedTaskDispatcher with 12 workers.
[PhysX] Initialized MultithreadedTaskDispatcher with 12 workers.
 -> (artifact id: 'adc156c750e35873ad99333a83fdf49f') in 0.012686 seconds
Number of updated asset objects reloaded before import = 0
Number of asset objects unloaded after import = 2
========================================================================
Received Import Request.
  Time since last request: 0.005772 seconds.
  path: Assets/5 Resources/Hovl Studio/HSFiles/Textures/Noise13.png
  artifactKey: Guid(9837737d0a9fbec4bb2dcfc7ad0d6e9a) Importer(815301076,1909f56bfc062723c751e8b465ee728b)
Start importing Assets/5 Resources/Hovl Studio/HSFiles/Textures/Noise13.png using Guid(9837737d0a9fbec4bb2dcfc7ad0d6e9a) Importer(815301076,1909f56bfc062723c751e8b465ee728b) [PhysX] Initialized MultithreadedTaskDispatcher with 12 workers.
[PhysX] Initialized MultithreadedTaskDispatcher with 12 workers.
 -> (artifact id: 'd0556cf6b6cdd9ed7d4ce483c5916ddf') in 0.012904 seconds
Number of updated asset objects reloaded before import = 0
Number of asset objects unloaded after import = 2
========================================================================
Received Import Request.
  Time since last request: 0.004565 seconds.
  path: Assets/5 Resources/Hovl Studio/HSFiles/Textures/Noise34.png
  artifactKey: Guid(3f1d4fadb37c37e4488860109d7dce4b) Importer(815301076,1909f56bfc062723c751e8b465ee728b)
Start importing Assets/5 Resources/Hovl Studio/HSFiles/Textures/Noise34.png using Guid(3f1d4fadb37c37e4488860109d7dce4b) Importer(815301076,1909f56bfc062723c751e8b465ee728b) [PhysX] Initialized MultithreadedTaskDispatcher with 12 workers.
[PhysX] Initialized MultithreadedTaskDispatcher with 12 workers.
 -> (artifact id: '155d5c156a89df0a4dddb797a27b1a58') in 0.013625 seconds
Number of updated asset objects reloaded before import = 0
Number of asset objects unloaded after import = 2
========================================================================
Received Import Request.
  Time since last request: 0.006782 seconds.
  path: Assets/5 Resources/Hovl Studio/HSFiles/Textures/Noise69.png
  artifactKey: Guid(3584f2bf4afb5284d91edb6a29126e62) Importer(815301076,1909f56bfc062723c751e8b465ee728b)
Start importing Assets/5 Resources/Hovl Studio/HSFiles/Textures/Noise69.png using Guid(3584f2bf4afb5284d91edb6a29126e62) Importer(815301076,1909f56bfc062723c751e8b465ee728b) [PhysX] Initialized MultithreadedTaskDispatcher with 12 workers.
[PhysX] Initialized MultithreadedTaskDispatcher with 12 workers.
 -> (artifact id: '28d123a3f49cef8ef20383b25676da52') in 0.017304 seconds
Number of updated asset objects reloaded before import = 0
Number of asset objects unloaded after import = 2
========================================================================
Received Import Request.
  Time since last request: 0.017379 seconds.
  path: Assets/5 Resources/Hovl Studio/HSFiles/Textures/Object8Mask.png
  artifactKey: Guid(7a062e08b89efbb4e9393909027813d9) Importer(815301076,1909f56bfc062723c751e8b465ee728b)
Start importing Assets/5 Resources/Hovl Studio/HSFiles/Textures/Object8Mask.png using Guid(7a062e08b89efbb4e9393909027813d9) Importer(815301076,1909f56bfc062723c751e8b465ee728b) [PhysX] Initialized MultithreadedTaskDispatcher with 12 workers.
[PhysX] Initialized MultithreadedTaskDispatcher with 12 workers.
 -> (artifact id: 'b41ff9921e1e9660ca6106160a276395') in 0.014479 seconds
Number of updated asset objects reloaded before import = 0
Number of asset objects unloaded after import = 2
========================================================================
Received Import Request.
  Time since last request: 0.002865 seconds.
  path: Assets/5 Resources/Hovl Studio/HSFiles/Textures/Point12.png
  artifactKey: Guid(c8ada4fdced7c07409542d983b96835e) Importer(815301076,1909f56bfc062723c751e8b465ee728b)
Start importing Assets/5 Resources/Hovl Studio/HSFiles/Textures/Point12.png using Guid(c8ada4fdced7c07409542d983b96835e) Importer(815301076,1909f56bfc062723c751e8b465ee728b) [PhysX] Initialized MultithreadedTaskDispatcher with 12 workers.
[PhysX] Initialized MultithreadedTaskDispatcher with 12 workers.
 -> (artifact id: '51e953ccff1b28b8f19800ca21d9bbc2') in 0.012954 seconds
Number of updated asset objects reloaded before import = 0
Number of asset objects unloaded after import = 2
========================================================================
Received Import Request.
  Time since last request: 0.004289 seconds.
  path: Assets/5 Resources/Hovl Studio/HSFiles/Textures/Quad2.png
  artifactKey: Guid(2cc8635fef1a40342a52a4512068cd6f) Importer(815301076,1909f56bfc062723c751e8b465ee728b)
Start importing Assets/5 Resources/Hovl Studio/HSFiles/Textures/Quad2.png using Guid(2cc8635fef1a40342a52a4512068cd6f) Importer(815301076,1909f56bfc062723c751e8b465ee728b) [PhysX] Initialized MultithreadedTaskDispatcher with 12 workers.
[PhysX] Initialized MultithreadedTaskDispatcher with 12 workers.
 -> (artifact id: '535f71da16e16524a51e0dd3138d0bae') in 0.012165 seconds
Number of updated asset objects reloaded before import = 0
Number of asset objects unloaded after import = 2
========================================================================
Received Import Request.
  Time since last request: 0.002948 seconds.
  path: Assets/5 Resources/Hovl Studio/HSFiles/Textures/Rays3b.png
  artifactKey: Guid(802ddd854a81b044d8ded8591dc2ae8d) Importer(815301076,1909f56bfc062723c751e8b465ee728b)
Start importing Assets/5 Resources/Hovl Studio/HSFiles/Textures/Rays3b.png using Guid(802ddd854a81b044d8ded8591dc2ae8d) Importer(815301076,1909f56bfc062723c751e8b465ee728b) [PhysX] Initialized MultithreadedTaskDispatcher with 12 workers.
[PhysX] Initialized MultithreadedTaskDispatcher with 12 workers.
 -> (artifact id: '1393033041768b9af5c94919990b0e3b') in 0.014847 seconds
Number of updated asset objects reloaded before import = 0
Number of asset objects unloaded after import = 2
========================================================================
Received Import Request.
  Time since last request: 0.001008 seconds.
  path: Assets/5 Resources/Hovl Studio/HSFiles/Textures/Smoke3.png
  artifactKey: Guid(52b767eecc2845a429e0e9e2155a8ea5) Importer(815301076,1909f56bfc062723c751e8b465ee728b)
Start importing Assets/5 Resources/Hovl Studio/HSFiles/Textures/Smoke3.png using Guid(52b767eecc2845a429e0e9e2155a8ea5) Importer(815301076,1909f56bfc062723c751e8b465ee728b) [PhysX] Initialized MultithreadedTaskDispatcher with 12 workers.
[PhysX] Initialized MultithreadedTaskDispatcher with 12 workers.
 -> (artifact id: 'e3bf0bd7bb898f45b899f896b3a131cc') in 0.012575 seconds
Number of updated asset objects reloaded before import = 0
Number of asset objects unloaded after import = 2
========================================================================
Received Import Request.
  Time since last request: 0.004395 seconds.
  path: Assets/5 Resources/Hovl Studio/HSFiles/Textures/Smoke24.png
  artifactKey: Guid(4de1419ac14d16d44b9c82b76ea6d884) Importer(815301076,1909f56bfc062723c751e8b465ee728b)
Start importing Assets/5 Resources/Hovl Studio/HSFiles/Textures/Smoke24.png using Guid(4de1419ac14d16d44b9c82b76ea6d884) Importer(815301076,1909f56bfc062723c751e8b465ee728b) [PhysX] Initialized MultithreadedTaskDispatcher with 12 workers.
[PhysX] Initialized MultithreadedTaskDispatcher with 12 workers.
 -> (artifact id: 'a6233a5b5930bad46a81974c1699667c') in 0.011007 seconds
Number of updated asset objects reloaded before import = 0
Number of asset objects unloaded after import = 2
========================================================================
Received Import Request.
  Time since last request: 0.004895 seconds.
  path: Assets/5 Resources/Hovl Studio/HSFiles/Textures/Snow3.png
  artifactKey: Guid(2792b4343ac6e7344a1af366bce0de12) Importer(815301076,1909f56bfc062723c751e8b465ee728b)
Start importing Assets/5 Resources/Hovl Studio/HSFiles/Textures/Snow3.png using Guid(2792b4343ac6e7344a1af366bce0de12) Importer(815301076,1909f56bfc062723c751e8b465ee728b) [PhysX] Initialized MultithreadedTaskDispatcher with 12 workers.
[PhysX] Initialized MultithreadedTaskDispatcher with 12 workers.
 -> (artifact id: '267bdc300df3633a52c34dc2d23b1c5d') in 0.013809 seconds
Number of updated asset objects reloaded before import = 0
Number of asset objects unloaded after import = 2
========================================================================
Received Import Request.
  Time since last request: 0.000669 seconds.
  path: Assets/5 Resources/Hovl Studio/HSFiles/Textures/Snow6.png
  artifactKey: Guid(756e68ad7f25ef740b2d6ee85ce3042e) Importer(815301076,1909f56bfc062723c751e8b465ee728b)
Start importing Assets/5 Resources/Hovl Studio/HSFiles/Textures/Snow6.png using Guid(756e68ad7f25ef740b2d6ee85ce3042e) Importer(815301076,1909f56bfc062723c751e8b465ee728b) [PhysX] Initialized MultithreadedTaskDispatcher with 12 workers.
[PhysX] Initialized MultithreadedTaskDispatcher with 12 workers.
 -> (artifact id: '3500cc6c5207be45665baaf0c1f8de5b') in 0.014885 seconds
Number of updated asset objects reloaded before import = 0
Number of asset objects unloaded after import = 2
========================================================================
Received Import Request.
  Time since last request: 0.003717 seconds.
  path: Assets/5 Resources/Hovl Studio/HSFiles/Textures/Star4.png
  artifactKey: Guid(252098364966e4644865ab36e1e0dc15) Importer(815301076,1909f56bfc062723c751e8b465ee728b)
Start importing Assets/5 Resources/Hovl Studio/HSFiles/Textures/Star4.png using Guid(252098364966e4644865ab36e1e0dc15) Importer(815301076,1909f56bfc062723c751e8b465ee728b) [PhysX] Initialized MultithreadedTaskDispatcher with 12 workers.
[PhysX] Initialized MultithreadedTaskDispatcher with 12 workers.
 -> (artifact id: '56236cebb121afae98275a377ea8ad40') in 0.015199 seconds
Number of updated asset objects reloaded before import = 0
Number of asset objects unloaded after import = 2
========================================================================
Received Import Request.
  Time since last request: 0.002119 seconds.
  path: Assets/5 Resources/Hovl Studio/HSFiles/Textures/Stone3.png
  artifactKey: Guid(66a3f4188e734d947a4c6a47225252f9) Importer(815301076,1909f56bfc062723c751e8b465ee728b)
Start importing Assets/5 Resources/Hovl Studio/HSFiles/Textures/Stone3.png using Guid(66a3f4188e734d947a4c6a47225252f9) Importer(815301076,1909f56bfc062723c751e8b465ee728b) [PhysX] Initialized MultithreadedTaskDispatcher with 12 workers.
[PhysX] Initialized MultithreadedTaskDispatcher with 12 workers.
 -> (artifact id: 'c3bc5ebd90f1da570d361bd9b8368a26') in 0.015575 seconds
Number of updated asset objects reloaded before import = 0
Number of asset objects unloaded after import = 2
========================================================================
Received Import Request.
  Time since last request: 0.019880 seconds.
  path: Assets/5 Resources/Hovl Studio/HSFiles/Textures/Trail22.png
  artifactKey: Guid(54f1f0934c5544a44916f2e0ec6cc81c) Importer(815301076,1909f56bfc062723c751e8b465ee728b)
Start importing Assets/5 Resources/Hovl Studio/HSFiles/Textures/Trail22.png using Guid(54f1f0934c5544a44916f2e0ec6cc81c) Importer(815301076,1909f56bfc062723c751e8b465ee728b) [PhysX] Initialized MultithreadedTaskDispatcher with 12 workers.
[PhysX] Initialized MultithreadedTaskDispatcher with 12 workers.
 -> (artifact id: 'd8324f7784353b478cb198f710762478') in 0.013367 seconds
Number of updated asset objects reloaded before import = 0
Number of asset objects unloaded after import = 2
========================================================================
Received Import Request.
  Time since last request: 0.001910 seconds.
  path: Assets/5 Resources/Hovl Studio/HSFiles/Textures/Trail54.png
  artifactKey: Guid(179c9072992055e46885aa095ecb47f8) Importer(815301076,1909f56bfc062723c751e8b465ee728b)
Start importing Assets/5 Resources/Hovl Studio/HSFiles/Textures/Trail54.png using Guid(179c9072992055e46885aa095ecb47f8) Importer(815301076,1909f56bfc062723c751e8b465ee728b) [PhysX] Initialized MultithreadedTaskDispatcher with 12 workers.
[PhysX] Initialized MultithreadedTaskDispatcher with 12 workers.
 -> (artifact id: 'cc22607551b2064efded76fef7fcbbc1') in 0.013503 seconds
Number of updated asset objects reloaded before import = 0
Number of asset objects unloaded after import = 2
========================================================================
Received Import Request.
  Time since last request: 0.002203 seconds.
  path: Assets/5 Resources/Hovl Studio/HSFiles/Textures/Trail65.png
  artifactKey: Guid(ddd2497da944b0842baca3f78a1f51f2) Importer(815301076,1909f56bfc062723c751e8b465ee728b)
Start importing Assets/5 Resources/Hovl Studio/HSFiles/Textures/Trail65.png using Guid(ddd2497da944b0842baca3f78a1f51f2) Importer(815301076,1909f56bfc062723c751e8b465ee728b) [PhysX] Initialized MultithreadedTaskDispatcher with 12 workers.
[PhysX] Initialized MultithreadedTaskDispatcher with 12 workers.
 -> (artifact id: 'f586f144593ad7bf479817b5f6874733') in 0.012913 seconds
Number of updated asset objects reloaded before import = 0
Number of asset objects unloaded after import = 2
========================================================================
Received Import Request.
  Time since last request: 0.018971 seconds.
  path: Assets/5 Resources/Hovl Studio/HSFiles/Textures/Trail79.png
  artifactKey: Guid(a48cee095eb0e094ab6e3c1dabd1bf1f) Importer(815301076,1909f56bfc062723c751e8b465ee728b)
Start importing Assets/5 Resources/Hovl Studio/HSFiles/Textures/Trail79.png using Guid(a48cee095eb0e094ab6e3c1dabd1bf1f) Importer(815301076,1909f56bfc062723c751e8b465ee728b) [PhysX] Initialized MultithreadedTaskDispatcher with 12 workers.
[PhysX] Initialized MultithreadedTaskDispatcher with 12 workers.
 -> (artifact id: '3e50edbe843600889943456ff03748c5') in 0.013951 seconds
Number of updated asset objects reloaded before import = 0
Number of asset objects unloaded after import = 2
========================================================================
Received Import Request.
  Time since last request: 0.001969 seconds.
  path: Assets/5 Resources/Hovl Studio/HSFiles/Textures/Trail81.png
  artifactKey: Guid(f45e4e3acd4972943ab2018b47967ee3) Importer(815301076,1909f56bfc062723c751e8b465ee728b)
Start importing Assets/5 Resources/Hovl Studio/HSFiles/Textures/Trail81.png using Guid(f45e4e3acd4972943ab2018b47967ee3) Importer(815301076,1909f56bfc062723c751e8b465ee728b) [PhysX] Initialized MultithreadedTaskDispatcher with 12 workers.
[PhysX] Initialized MultithreadedTaskDispatcher with 12 workers.
 -> (artifact id: '6760ea7ed9e49f5651ce4bb010fe8c0f') in 0.011482 seconds
Number of updated asset objects reloaded before import = 0
Number of asset objects unloaded after import = 2
========================================================================
Received Import Request.
  Time since last request: 0.003015 seconds.
  path: Assets/5 Resources/Hovl Studio/HSFiles/Textures/Triangle1.png
  artifactKey: Guid(4513f29c824bc47489e8d8e3614826f0) Importer(815301076,1909f56bfc062723c751e8b465ee728b)
Start importing Assets/5 Resources/Hovl Studio/HSFiles/Textures/Triangle1.png using Guid(4513f29c824bc47489e8d8e3614826f0) Importer(815301076,1909f56bfc062723c751e8b465ee728b) [PhysX] Initialized MultithreadedTaskDispatcher with 12 workers.
[PhysX] Initialized MultithreadedTaskDispatcher with 12 workers.
 -> (artifact id: '1becaf6544ddf7468d78b5ed16999b0a') in 0.013340 seconds
Number of updated asset objects reloaded before import = 0
Number of asset objects unloaded after import = 2
========================================================================
Received Import Request.
  Time since last request: 7.640562 seconds.
  path: Assets/5 Resources/Hovl Studio/Toon Projectiles 2/Prefabs/Flash 2.prefab
  artifactKey: Guid(63baf4956cfa45d4aa5cd12cbc8b7689) Importer(815301076,1909f56bfc062723c751e8b465ee728b)
Start importing Assets/5 Resources/Hovl Studio/Toon Projectiles 2/Prefabs/Flash 2.prefab using Guid(63baf4956cfa45d4aa5cd12cbc8b7689) Importer(815301076,1909f56bfc062723c751e8b465ee728b) [PhysX] Initialized MultithreadedTaskDispatcher with 12 workers.
[PhysX] Initialized MultithreadedTaskDispatcher with 12 workers.
 -> (artifact id: '95d5394d58d319ea3ebf01a7fe834e30') in 0.094738 seconds
Number of updated asset objects reloaded before import = 0
Number of asset objects unloaded after import = 13
========================================================================
Received Import Request.
  Time since last request: 0.000028 seconds.
  path: Assets/5 Resources/Hovl Studio/Toon Projectiles 2/Prefabs/Flash 7.prefab
  artifactKey: Guid(7957eef9b870bcb4e8ba10f7bc4fcad0) Importer(815301076,1909f56bfc062723c751e8b465ee728b)
Start importing Assets/5 Resources/Hovl Studio/Toon Projectiles 2/Prefabs/Flash 7.prefab using Guid(7957eef9b870bcb4e8ba10f7bc4fcad0) Importer(815301076,1909f56bfc062723c751e8b465ee728b) [PhysX] Initialized MultithreadedTaskDispatcher with 12 workers.
[PhysX] Initialized MultithreadedTaskDispatcher with 12 workers.
 -> (artifact id: 'd20e6ddb0d7d99ba26f7d78cdbe5d7ea') in 0.198662 seconds
Number of updated asset objects reloaded before import = 0
Number of asset objects unloaded after import = 17
========================================================================
Received Import Request.
  Time since last request: 0.000017 seconds.
  path: Assets/5 Resources/Hovl Studio/Toon Projectiles 2/Prefabs/Hit 14.prefab
  artifactKey: Guid(f7d96130ab98b3d499f067f69697da6c) Importer(815301076,1909f56bfc062723c751e8b465ee728b)
Start importing Assets/5 Resources/Hovl Studio/Toon Projectiles 2/Prefabs/Hit 14.prefab using Guid(f7d96130ab98b3d499f067f69697da6c) Importer(815301076,1909f56bfc062723c751e8b465ee728b) [PhysX] Initialized MultithreadedTaskDispatcher with 12 workers.
[PhysX] Initialized MultithreadedTaskDispatcher with 12 workers.
 -> (artifact id: '906f7cde3bb29c3cf7e56af386691fc1') in 0.040361 seconds
Number of updated asset objects reloaded before import = 0
Number of asset objects unloaded after import = 45
========================================================================
Received Import Request.
  Time since last request: 0.000023 seconds.
  path: Assets/5 Resources/Hovl Studio/Toon Projectiles 2/Prefabs/Flash 8.prefab
  artifactKey: Guid(aca16543616e2db4490aa9890ecdb4b5) Importer(815301076,1909f56bfc062723c751e8b465ee728b)
Start importing Assets/5 Resources/Hovl Studio/Toon Projectiles 2/Prefabs/Flash 8.prefab using Guid(aca16543616e2db4490aa9890ecdb4b5) Importer(815301076,1909f56bfc062723c751e8b465ee728b) [PhysX] Initialized MultithreadedTaskDispatcher with 12 workers.
[PhysX] Initialized MultithreadedTaskDispatcher with 12 workers.
 -> (artifact id: '8965b4179521806e78eb97bf049c05fa') in 0.025185 seconds
Number of updated asset objects reloaded before import = 0
Number of asset objects unloaded after import = 25
========================================================================
Received Import Request.
  Time since last request: 0.000017 seconds.
  path: Assets/5 Resources/Hovl Studio/Toon Projectiles 2/Prefabs/Hit 8.prefab
  artifactKey: Guid(daa50d159094a9d4d8d33225d9b578d2) Importer(815301076,1909f56bfc062723c751e8b465ee728b)
Start importing Assets/5 Resources/Hovl Studio/Toon Projectiles 2/Prefabs/Hit 8.prefab using Guid(daa50d159094a9d4d8d33225d9b578d2) Importer(815301076,1909f56bfc062723c751e8b465ee728b) [PhysX] Initialized MultithreadedTaskDispatcher with 12 workers.
[PhysX] Initialized MultithreadedTaskDispatcher with 12 workers.
 -> (artifact id: 'b10e7bee9ea1fc9f7798c08efb91f0ab') in 0.034592 seconds
Number of updated asset objects reloaded before import = 0
Number of asset objects unloaded after import = 31
========================================================================
Received Import Request.
  Time since last request: 0.000019 seconds.
  path: Assets/5 Resources/Hovl Studio/Toon Projectiles 2/Prefabs/Projectile 6 magic stone.prefab
  artifactKey: Guid(bc0b77b5d64c11e48b0a22fadb7489ce) Importer(815301076,1909f56bfc062723c751e8b465ee728b)
Start importing Assets/5 Resources/Hovl Studio/Toon Projectiles 2/Prefabs/Projectile 6 magic stone.prefab using Guid(bc0b77b5d64c11e48b0a22fadb7489ce) Importer(815301076,1909f56bfc062723c751e8b465ee728b) [PhysX] Initialized MultithreadedTaskDispatcher with 12 workers.
[PhysX] Initialized MultithreadedTaskDispatcher with 12 workers.
 -> (artifact id: 'c5c047e179e75c12c2872bc48e830341') in 0.044602 seconds
Number of updated asset objects reloaded before import = 0
Number of asset objects unloaded after import = 103
========================================================================
Received Import Request.
  Time since last request: 0.000018 seconds.
  path: Assets/5 Resources/Hovl Studio/Toon Projectiles 2/Prefabs/Hit 10.prefab
  artifactKey: Guid(c2b56ab585925cb4caf968d84119f31a) Importer(815301076,1909f56bfc062723c751e8b465ee728b)
Start importing Assets/5 Resources/Hovl Studio/Toon Projectiles 2/Prefabs/Hit 10.prefab using Guid(c2b56ab585925cb4caf968d84119f31a) Importer(815301076,1909f56bfc062723c751e8b465ee728b) [PhysX] Initialized MultithreadedTaskDispatcher with 12 workers.
[PhysX] Initialized MultithreadedTaskDispatcher with 12 workers.
 -> (artifact id: 'd4a223b756079352f396e05d1105bf22') in 0.055924 seconds
Number of updated asset objects reloaded before import = 0
Number of asset objects unloaded after import = 38
========================================================================
Received Import Request.
  Time since last request: 0.000857 seconds.
  path: Assets/5 Resources/Hovl Studio/Toon Projectiles 2/Prefabs/Projectile 14 ice.prefab
  artifactKey: Guid(31528da7a30e88f4bbf380cf9c9042d7) Importer(815301076,1909f56bfc062723c751e8b465ee728b)
Start importing Assets/5 Resources/Hovl Studio/Toon Projectiles 2/Prefabs/Projectile 14 ice.prefab using Guid(31528da7a30e88f4bbf380cf9c9042d7) Importer(815301076,1909f56bfc062723c751e8b465ee728b) [PhysX] Initialized MultithreadedTaskDispatcher with 12 workers.
[PhysX] Initialized MultithreadedTaskDispatcher with 12 workers.
 -> (artifact id: 'ad032c665b47d0cfbac3c5501cbec7ef') in 0.075020 seconds
Number of updated asset objects reloaded before import = 0
Number of asset objects unloaded after import = 139
========================================================================
Received Import Request.
  Time since last request: 0.000079 seconds.
  path: Assets/5 Resources/Hovl Studio/Toon Projectiles 2/Prefabs/Hit 2.prefab
  artifactKey: Guid(e46e60dfd73d7ed4fa8a4ef323af2e69) Importer(815301076,1909f56bfc062723c751e8b465ee728b)
Start importing Assets/5 Resources/Hovl Studio/Toon Projectiles 2/Prefabs/Hit 2.prefab using Guid(e46e60dfd73d7ed4fa8a4ef323af2e69) Importer(815301076,1909f56bfc062723c751e8b465ee728b) [PhysX] Initialized MultithreadedTaskDispatcher with 12 workers.
[PhysX] Initialized MultithreadedTaskDispatcher with 12 workers.
 -> (artifact id: 'bb0d5e0ca441862e82d2f04b55ffd4e5') in 0.076244 seconds
Number of updated asset objects reloaded before import = 0
Number of asset objects unloaded after import = 32
========================================================================
Received Import Request.
  Time since last request: 0.000043 seconds.
  path: Assets/5 Resources/Hovl Studio/Toon Projectiles 2/Prefabs/Projectile 12 forest.prefab
  artifactKey: Guid(7e5debf0606b3254faa6bca9a70b6713) Importer(815301076,1909f56bfc062723c751e8b465ee728b)
Start importing Assets/5 Resources/Hovl Studio/Toon Projectiles 2/Prefabs/Projectile 12 forest.prefab using Guid(7e5debf0606b3254faa6bca9a70b6713) Importer(815301076,1909f56bfc062723c751e8b465ee728b) [PhysX] Initialized MultithreadedTaskDispatcher with 12 workers.
[PhysX] Initialized MultithreadedTaskDispatcher with 12 workers.
 -> (artifact id: 'f1d43adb43561f6f406fff2e22364f0e') in 0.078679 seconds
Number of updated asset objects reloaded before import = 0
Number of asset objects unloaded after import = 145
========================================================================
Received Import Request.
  Time since last request: 0.000092 seconds.
  path: Assets/5 Resources/Hovl Studio/Toon Projectiles 2/Prefabs/Hit 13.prefab
  artifactKey: Guid(6c53045b2d1b71f43bbcd9a421e7a464) Importer(815301076,1909f56bfc062723c751e8b465ee728b)
Start importing Assets/5 Resources/Hovl Studio/Toon Projectiles 2/Prefabs/Hit 13.prefab using Guid(6c53045b2d1b71f43bbcd9a421e7a464) Importer(815301076,1909f56bfc062723c751e8b465ee728b) [PhysX] Initialized MultithreadedTaskDispatcher with 12 workers.
[PhysX] Initialized MultithreadedTaskDispatcher with 12 workers.
 -> (artifact id: '85abe0b2f686ff03d876662e6d9d097a') in 0.057082 seconds
Number of updated asset objects reloaded before import = 0
Number of asset objects unloaded after import = 33
========================================================================
Received Import Request.
  Time since last request: 0.000042 seconds.
  path: Assets/5 Resources/Hovl Studio/Toon Projectiles 2/Prefabs/Hit 5.prefab
  artifactKey: Guid(8c07f41bda85c0e41abde22f9f27ed83) Importer(815301076,1909f56bfc062723c751e8b465ee728b)
Start importing Assets/5 Resources/Hovl Studio/Toon Projectiles 2/Prefabs/Hit 5.prefab using Guid(8c07f41bda85c0e41abde22f9f27ed83) Importer(815301076,1909f56bfc062723c751e8b465ee728b) [PhysX] Initialized MultithreadedTaskDispatcher with 12 workers.
[PhysX] Initialized MultithreadedTaskDispatcher with 12 workers.
 -> (artifact id: '64dabb5a0e430229d6f0200dde82a7b4') in 0.039933 seconds
Number of updated asset objects reloaded before import = 0
Number of asset objects unloaded after import = 35
========================================================================
Received Import Request.
  Time since last request: 0.000032 seconds.
  path: Assets/5 Resources/Hovl Studio/Toon Projectiles 2/Prefabs/Projectile 5 arrow.prefab
  artifactKey: Guid(6e39ca2f8efb71e48923599f48461c26) Importer(815301076,1909f56bfc062723c751e8b465ee728b)
Start importing Assets/5 Resources/Hovl Studio/Toon Projectiles 2/Prefabs/Projectile 5 arrow.prefab using Guid(6e39ca2f8efb71e48923599f48461c26) Importer(815301076,1909f56bfc062723c751e8b465ee728b) [PhysX] Initialized MultithreadedTaskDispatcher with 12 workers.
[PhysX] Initialized MultithreadedTaskDispatcher with 12 workers.
 -> (artifact id: 'cb8700d1062e263ceeb580f61f466548') in 0.086218 seconds
Number of updated asset objects reloaded before import = 0
Number of asset objects unloaded after import = 108
========================================================================
Received Import Request.
  Time since last request: 0.000046 seconds.
  path: Assets/5 Resources/Hovl Studio/Toon Projectiles 2/Prefabs/Projectile 8 twist.prefab
  artifactKey: Guid(0dd71cf1c4378844fae81b273f0ba817) Importer(815301076,1909f56bfc062723c751e8b465ee728b)
Start importing Assets/5 Resources/Hovl Studio/Toon Projectiles 2/Prefabs/Projectile 8 twist.prefab using Guid(0dd71cf1c4378844fae81b273f0ba817) Importer(815301076,1909f56bfc062723c751e8b465ee728b) [PhysX] Initialized MultithreadedTaskDispatcher with 12 workers.
[PhysX] Initialized MultithreadedTaskDispatcher with 12 workers.
 -> (artifact id: '61a00b5266cfe5979f35598613abfc25') in 0.061596 seconds
Number of updated asset objects reloaded before import = 0
Number of asset objects unloaded after import = 108
========================================================================
Received Import Request.
  Time since last request: 0.000032 seconds.
  path: Assets/5 Resources/Hovl Studio/Toon Projectiles 2/Prefabs/Flash 5.prefab
  artifactKey: Guid(c2721edf07119f74ea2f68f2cad99755) Importer(815301076,1909f56bfc062723c751e8b465ee728b)
Start importing Assets/5 Resources/Hovl Studio/Toon Projectiles 2/Prefabs/Flash 5.prefab using Guid(c2721edf07119f74ea2f68f2cad99755) Importer(815301076,1909f56bfc062723c751e8b465ee728b) [PhysX] Initialized MultithreadedTaskDispatcher with 12 workers.
[PhysX] Initialized MultithreadedTaskDispatcher with 12 workers.
 -> (artifact id: '905acfe7d542a8cc80f6c8c66ef7d9c6') in 0.023985 seconds
Number of updated asset objects reloaded before import = 0
Number of asset objects unloaded after import = 19
========================================================================
Received Import Request.
  Time since last request: 0.000081 seconds.
  path: Assets/5 Resources/Hovl Studio/Toon Projectiles 2/Prefabs/Projectile 4 red star.prefab
  artifactKey: Guid(5ae5c6fb282fd3c44bf0c2083393e142) Importer(815301076,1909f56bfc062723c751e8b465ee728b)
Start importing Assets/5 Resources/Hovl Studio/Toon Projectiles 2/Prefabs/Projectile 4 red star.prefab using Guid(5ae5c6fb282fd3c44bf0c2083393e142) Importer(815301076,1909f56bfc062723c751e8b465ee728b) [PhysX] Initialized MultithreadedTaskDispatcher with 12 workers.
[PhysX] Initialized MultithreadedTaskDispatcher with 12 workers.
 -> (artifact id: '839b8ddea637ad023f79d9ebc068bd23') in 0.052515 seconds
Number of updated asset objects reloaded before import = 0
Number of asset objects unloaded after import = 108
========================================================================
Received Import Request.
  Time since last request: 0.000036 seconds.
  path: Assets/5 Resources/Hovl Studio/Toon Projectiles 2/Prefabs/Hit 9.prefab
  artifactKey: Guid(5714d19e671d00e4baccfc932c639de4) Importer(815301076,1909f56bfc062723c751e8b465ee728b)
Start importing Assets/5 Resources/Hovl Studio/Toon Projectiles 2/Prefabs/Hit 9.prefab using Guid(5714d19e671d00e4baccfc932c639de4) Importer(815301076,1909f56bfc062723c751e8b465ee728b) [PhysX] Initialized MultithreadedTaskDispatcher with 12 workers.
[PhysX] Initialized MultithreadedTaskDispatcher with 12 workers.
 -> (artifact id: '851eeb12a70b39d64c0b69bfbc09628d') in 0.053862 seconds
Number of updated asset objects reloaded before import = 0
Number of asset objects unloaded after import = 39
========================================================================
Received Import Request.
  Time since last request: 0.000091 seconds.
  path: Assets/5 Resources/Hovl Studio/Toon Projectiles 2/Prefabs/Flash 11.prefab
  artifactKey: Guid(61ca79a6b1a0ee344b6f06e9c094cc3a) Importer(815301076,1909f56bfc062723c751e8b465ee728b)
Start importing Assets/5 Resources/Hovl Studio/Toon Projectiles 2/Prefabs/Flash 11.prefab using Guid(61ca79a6b1a0ee344b6f06e9c094cc3a) Importer(815301076,1909f56bfc062723c751e8b465ee728b) [PhysX] Initialized MultithreadedTaskDispatcher with 12 workers.
[PhysX] Initialized MultithreadedTaskDispatcher with 12 workers.
 -> (artifact id: 'c203fbc13461a66e021a3822eb1c4953') in 0.041811 seconds
Number of updated asset objects reloaded before import = 0
Number of asset objects unloaded after import = 27
Editor requested this worker to shutdown with reason: Scaling down because of idle timeout
TcpMessagingSession - receive error: operation aborted. errorcode: 995, details:        I/O  .
AssetImportWorker is now disconnected from the server
Process exiting
Exiting without the bug reporter. Application will terminate with return code 0